生成启动时间为 2018/6/10 13:07:26。
     1>项目“G:\VC教程\求阶乘\1\1\1.vcxproj”在节点 2 上(build 个目标)。
     1>InitializeBuildStatus:
         正在对“Debug\1.unsuccessfulbuild”执行 Touch 任务。
       ClCompile:
         所有输出均为最新。
         所有输出均为最新。
       ResourceCompile:
         所有输出均为最新。
       ManifestResourceCompile:
         所有输出均为最新。
       Link:
         f:\VS2010（64&32bit）\VC\bin\link.exe /ERRORREPORT:PROMPT /OUT:"G:\VC教程\求阶乘\1\Debug\1.exe" /INCREMENTAL /NOLOGO /MANIFEST /ManifestFile:"Debug\1.exe.intermediate.manifest" /MANIFESTUAC:"level='asInvoker' uiAccess='false'" /DEBUG /PDB:"G:\VC教程\求阶乘\1\Debug\1.pdb" /SUBSYSTEM:WINDOWS /TLBID:1 /ENTRY:"wWinMainCRTStartup" /DYNAMICBASE /NXCOMPAT /IMPLIB:"G:\VC教程\求阶乘\1\Debug\1.lib" /MACHINE:X86 Debug\1.res
         Debug\1.exe.embed.manifest.res
         Debug\1.obj
         Debug\1Dlg.obj
         Debug\stdafx.obj
     1>LINK : fatal error LNK1123: 转换到 COFF 期间失败: 文件无效或损坏
     1>已完成生成项目“G:\VC教程\求阶乘\1\1\1.vcxproj”(build 个目标)的操作 - 失败。

生成失败。

已用时间 00:00:00.24
