G:\VC教程\VC++大作业\VC++大作业\Debug\cl.command.1.tlog
G:\VC教程\VC++大作业\VC++大作业\Debug\CL.read.1.tlog
G:\VC教程\VC++大作业\VC++大作业\Debug\CL.write.1.tlog
G:\VC教程\VC++大作业\VC++大作业\Debug\link.command.1.tlog
G:\VC教程\VC++大作业\VC++大作业\Debug\link.read.1.tlog
G:\VC教程\VC++大作业\VC++大作业\Debug\link.write.1.tlog
G:\VC教程\VC++大作业\VC++大作业\Debug\rc.command.1.tlog
G:\VC教程\VC++大作业\VC++大作业\Debug\rc.read.1.tlog
G:\VC教程\VC++大作业\VC++大作业\Debug\rc.write.1.tlog
G:\VC教程\VC++大作业\VC++大作业\DEBUG\STDAFX.OBJ
G:\VC教程\VC++大作业\VC++大作业\Debug\VC++大作业.exe.embed.manifest
G:\VC教程\VC++大作业\VC++大作业\DEBUG\VC++大作业.EXE.EMBED.MANIFEST.RES
G:\VC教程\VC++大作业\VC++大作业\DEBUG\VC++大作业.OBJ
G:\VC教程\VC++大作业\VC++大作业\DEBUG\VC++大作业.PCH
G:\VC教程\VC++大作业\VC++大作业\DEBUG\VC++大作业.RES
G:\VC教程\VC++大作业\VC++大作业\Debug\VC++大作业.vcxprojResolveAssemblyReference.cache
G:\VC教程\VC++大作业\VC++大作业\Debug\VC++大作业.write.1.tlog
G:\VC教程\VC++大作业\VC++大作业\Debug\VC++大作业_manifest.rc
G:\VC教程\VC++大作业\VC++大作业\DEBUG\VC++大作业DLG.OBJ
G:\VC教程\VC++大作业\VC++大作业\Debug\vc100.idb
G:\VC教程\VC++大作业\VC++大作业\DEBUG\VC100.PDB
