生成启动时间为 2018/5/2 22:29:31。
     1>项目“D:\buges\Desktop\js\js\js.vcxproj”在节点 2 上(build 个目标)。
     1>InitializeBuildStatus:
         正在创建“Debug\js.unsuccessfulbuild”，因为已指定“AlwaysCreate”。
       ClCompile:
         所有输出均为最新。
         E:\Microsoft Visual Studio 10.0\VC\bin\CL.exe /c /ZI /nologo /W3 /WX- /Od /Oy- /D WIN32 /D _WINDOWS /D _DEBUG /D _UNICODE /D UNICODE /D _AFXDLL /Gm /EHsc /RTC1 /MDd /GS /fp:precise /Zc:wchar_t /Zc:forScope /Yu"StdAfx.h" /Fp"Debug\js.pch" /Fo"Debug\\" /Fd"Debug\vc100.pdb" /Gd /TP /analyze- /errorReport:prompt jsDlg.cpp
         jsDlg.cpp
       ResourceCompile:
         所有输出均为最新。
       ManifestResourceCompile:
         所有输出均为最新。
       Link:
         E:\Microsoft Visual Studio 10.0\VC\bin\link.exe /ERRORREPORT:PROMPT /OUT:"D:\buges\Desktop\js\Debug\js.exe" /INCREMENTAL /NOLOGO /MANIFEST /ManifestFile:"Debug\js.exe.intermediate.manifest" /MANIFESTUAC:"level='asInvoker' uiAccess='false'" /DEBUG /PDB:"D:\buges\Desktop\js\Debug\js.pdb" /SUBSYSTEM:WINDOWS /TLBID:1 /ENTRY:"wWinMainCRTStartup" /DYNAMICBASE /NXCOMPAT /IMPLIB:"D:\buges\Desktop\js\Debug\js.lib" /MACHINE:X86 Debug\js.res
         Debug\js.exe.embed.manifest.res
         Debug\js.obj
         Debug\jsDlg.obj
         Debug\stdafx.obj
       Manifest:
         C:\Program Files (x86)\Microsoft SDKs\Windows\v7.0A\bin\mt.exe /nologo /verbose /out:"Debug\js.exe.embed.manifest" /manifest Debug\js.exe.intermediate.manifest "E:\Microsoft Visual Studio 10.0\VC\Include\Manifest\dpiaware.manifest"
         所有输出均为最新。
       LinkEmbedManifest:
         所有输出均为最新。
         js.vcxproj -> D:\buges\Desktop\js\Debug\js.exe
       FinalizeBuildStatus:
         正在删除文件“Debug\js.unsuccessfulbuild”。
         正在对“Debug\js.lastbuildstate”执行 Touch 任务。
     1>已完成生成项目“D:\buges\Desktop\js\js\js.vcxproj”(build 个目标)的操作。

生成成功。

已用时间 00:00:01.64
